# Logfile created on Fri Apr 17 12:52:41 -0700 2009  [4;36;1mSQL (0.3ms)[0m   [0;1mSET client_min_messages TO 'panic'[0m
  [4;35;1mSQL (0.3ms)[0m   [0mSET client_min_messages TO 'notice'[0m
  [4;36;1mSQL (0.4ms)[0m   [0;1mSET client_encoding TO 'unicode'[0m
  [4;35;1mSQL (5.8ms)[0m   [0mCREATE TABLE "schema_migrations" ("version" character varying(255) NOT NULL) [0m
  [4;36;1mSQL (4.0ms)[0m   [0;1mCREATE UNIQUE INDEX "unique_schema_migrations" ON "schema_migrations" ("version")[0m
  [4;35;1mSQL (0.8ms)[0m   [0mSELECT version FROM schema_migrations[0m
Migrating to CreateAuthors (20090413211039)
  [4;36;1mSQL (0.3ms)[0m   [0;1mBEGIN[0m
  [4;35;1mSQL (12.0ms)[0m   [0mCREATE TABLE "authors" ("id" serial primary key, "name" text, "email" text, "created_at" timestamp, "updated_at" timestamp) [0m
  [4;36;1mSQL (0.8ms)[0m   [0;1mINSERT INTO schema_migrations (version) VALUES ('20090413211039')[0m
  [4;35;1mSQL (1.2ms)[0m   [0mCOMMIT[0m
Migrating to CreateGems (20090413211340)
  [4;36;1mSQL (4.3ms)[0m   [0;1mBEGIN[0m
  [4;35;1mSQL (6.1ms)[0m   [0mCREATE TABLE "ruby_gems" ("id" serial primary key, "name" character varying(255), "created_at" timestamp, "updated_at" timestamp) [0m
  [4;36;1mSQL (0.7ms)[0m   [0;1mINSERT INTO schema_migrations (version) VALUES ('20090413211340')[0m
  [4;35;1mSQL (1.1ms)[0m   [0mCOMMIT[0m
Migrating to CreateReleases (20090413211523)
  [4;36;1mSQL (1.0ms)[0m   [0;1mBEGIN[0m
  [4;35;1mSQL (13.1ms)[0m   [0mCREATE TABLE "releases" ("id" serial primary key, "name" character varying(255), "version" character varying(255), "rubyforge_project" character varying(255), "released_on" date, "homepage" text, "summary" text, "description" text, "spec" text, "meta" text, "latest" boolean, "ruby_gem_id" integer, "created_at" timestamp, "updated_at" timestamp) [0m
  [4;36;1mSQL (0.3ms)[0m   [0;1mINSERT INTO schema_migrations (version) VALUES ('20090413211523')[0m
  [4;35;1mSQL (1.5ms)[0m   [0mCOMMIT[0m
Migrating to AddAuthorHabtm (20090413211906)
  [4;36;1mSQL (0.8ms)[0m   [0;1mBEGIN[0m
  [4;35;1mSQL (1.5ms)[0m   [0mCREATE TABLE "authors_ruby_gems" ("author_id" integer, "ruby_gem_id" integer) [0m
  [4;36;1mSQL (0.3ms)[0m   [0;1mINSERT INTO schema_migrations (version) VALUES ('20090413211906')[0m
  [4;35;1mSQL (1.4ms)[0m   [0mCOMMIT[0m
  [4;36;1mSQL (0.6ms)[0m   [0;1mSELECT version FROM schema_migrations[0m
  [4;36;1mSQL (0.3ms)[0m   [0;1mSET client_min_messages TO 'panic'[0m
  [4;35;1mSQL (0.4ms)[0m   [0mSET client_min_messages TO 'notice'[0m
  [4;36;1mSQL (0.3ms)[0m   [0;1mSET client_encoding TO 'unicode'[0m


Processing ResultsController#index (for 127.0.0.1 at 2009-04-17 21:36:29) [GET]
Rendering template within layouts/results
Rendering results/index
  [4;35;1mSQL (0.9ms)[0m   [0mSELECT count(*) AS count_all FROM "ruby_gems" [0m
  [4;36;1mSQL (1.1ms)[0m   [0;1mSELECT count(*) AS count_all FROM "releases" [0m
  [4;35;1mSQL (0.7ms)[0m   [0mSELECT count(*) AS count_all FROM "authors" [0m
Completed in 189ms (View: 184, DB: 4) | 200 OK [http://localhost/]
  [4;36;1mSQL (0.3ms)[0m   [0;1mSET client_min_messages TO 'panic'[0m
  [4;35;1mSQL (0.2ms)[0m   [0mSET client_min_messages TO 'notice'[0m
  [4;36;1mSQL (0.3ms)[0m   [0;1mSET client_encoding TO 'unicode'[0m


Processing ResultsController#search (for 127.0.0.1 at 2009-04-17 21:36:31) [GET]
  Parameters: {"q"=>"recent"}
  [4;35;1mRelease Load (5.1ms)[0m   [0mSELECT releases.*, ts_rank_cd((setweight(to_tsvector('english', coalesce(releases.name, '')), 'A') || ' ' || setweight(to_tsvector('english', coalesce(releases.summary, '')), 'B') || ' ' || setweight(to_tsvector('english', coalesce(releases.meta, '') || ' ' || coalesce(releases.description, '')), 'C')),
 plainto_tsquery(E'recent')) as rank FROM "releases" WHERE ((latest = true) AND (setweight(to_tsvector('english', coalesce(releases.name, '')), 'A') || ' ' || setweight(to_tsvector('english', coalesce(releases.summary, '')), 'B') || ' ' || setweight(to_tsvector('english', coalesce(releases.meta, '') || ' ' || coalesce(releases.description, '')), 'C') @@ plainto_tsquery(E'recent'))) ORDER BY rank DESC[0m
Rendering template within layouts/results
Rendering results/search
  [4;36;1mSQL (1.0ms)[0m   [0;1mSELECT count(*) AS count_all FROM "ruby_gems" [0m
  [4;35;1mSQL (0.6ms)[0m   [0mSELECT count(*) AS count_all FROM "releases" [0m
  [4;36;1mSQL (0.7ms)[0m   [0;1mSELECT count(*) AS count_all FROM "authors" [0m
Completed in 72ms (View: 59, DB: 8) | 200 OK [http://localhost/search?q=recent]
  [4;35;1mSQL (0.3ms)[0m   [0mSET client_min_messages TO 'panic'[0m
  [4;36;1mSQL (0.3ms)[0m   [0;1mSET client_min_messages TO 'notice'[0m
  [4;35;1mSQL (0.3ms)[0m   [0mSET client_encoding TO 'unicode'[0m


Processing ResultsController#search (for 127.0.0.1 at 2009-04-17 21:36:33) [GET]
  Parameters: {"q"=>"authors"}
  [4;36;1mRelease Load (4.9ms)[0m   [0;1mSELECT releases.*, ts_rank_cd((setweight(to_tsvector('english', coalesce(releases.name, '')), 'A') || ' ' || setweight(to_tsvector('english', coalesce(releases.summary, '')), 'B') || ' ' || setweight(to_tsvector('english', coalesce(releases.meta, '') || ' ' || coalesce(releases.description, '')), 'C')),
 plainto_tsquery(E'authors')) as rank FROM "releases" WHERE ((latest = true) AND (setweight(to_tsvector('english', coalesce(releases.name, '')), 'A') || ' ' || setweight(to_tsvector('english', coalesce(releases.summary, '')), 'B') || ' ' || setweight(to_tsvector('english', coalesce(releases.meta, '') || ' ' || coalesce(releases.description, '')), 'C') @@ plainto_tsquery(E'authors'))) ORDER BY rank DESC[0m
Rendering template within layouts/results
Rendering results/search
  [4;35;1mSQL (0.9ms)[0m   [0mSELECT count(*) AS count_all FROM "ruby_gems" [0m
  [4;36;1mSQL (0.5ms)[0m   [0;1mSELECT count(*) AS count_all FROM "releases" [0m
  [4;35;1mSQL (0.7ms)[0m   [0mSELECT count(*) AS count_all FROM "authors" [0m
Completed in 33ms (View: 21, DB: 8) | 200 OK [http://localhost/search?q=authors]
  [4;36;1mSQL (0.4ms)[0m   [0;1mSET client_min_messages TO 'panic'[0m
  [4;35;1mSQL (0.3ms)[0m   [0mSET client_min_messages TO 'notice'[0m
  [4;36;1mSQL (0.3ms)[0m   [0;1mSET client_encoding TO 'unicode'[0m


Processing ResultsController#search (for 127.0.0.1 at 2009-04-17 21:36:35) [GET]
  Parameters: {"q"=>"recent"}
  [4;35;1mRelease Load (5.2ms)[0m   [0mSELECT releases.*, ts_rank_cd((setweight(to_tsvector('english', coalesce(releases.name, '')), 'A') || ' ' || setweight(to_tsvector('english', coalesce(releases.summary, '')), 'B') || ' ' || setweight(to_tsvector('english', coalesce(releases.meta, '') || ' ' || coalesce(releases.description, '')), 'C')),
 plainto_tsquery(E'recent')) as rank FROM "releases" WHERE ((latest = true) AND (setweight(to_tsvector('english', coalesce(releases.name, '')), 'A') || ' ' || setweight(to_tsvector('english', coalesce(releases.summary, '')), 'B') || ' ' || setweight(to_tsvector('english', coalesce(releases.meta, '') || ' ' || coalesce(releases.description, '')), 'C') @@ plainto_tsquery(E'recent'))) ORDER BY rank DESC[0m
Rendering template within layouts/results
Rendering results/search
  [4;36;1mSQL (0.9ms)[0m   [0;1mSELECT count(*) AS count_all FROM "ruby_gems" [0m
  [4;35;1mSQL (0.5ms)[0m   [0mSELECT count(*) AS count_all FROM "releases" [0m
  [4;36;1mSQL (0.7ms)[0m   [0;1mSELECT count(*) AS count_all FROM "authors" [0m
Completed in 33ms (View: 20, DB: 8) | 200 OK [http://localhost/search?q=recent]
  [4;35;1mSQL (0.3ms)[0m   [0mSET client_min_messages TO 'panic'[0m
  [4;36;1mSQL (0.2ms)[0m   [0;1mSET client_min_messages TO 'notice'[0m
  [4;35;1mSQL (0.3ms)[0m   [0mSET client_encoding TO 'unicode'[0m


Processing ResultsController#search (for 127.0.0.1 at 2009-04-17 21:36:36) [GET]
  Parameters: {"q"=>"authors"}
  [4;36;1mRelease Load (4.9ms)[0m   [0;1mSELECT releases.*, ts_rank_cd((setweight(to_tsvector('english', coalesce(releases.name, '')), 'A') || ' ' || setweight(to_tsvector('english', coalesce(releases.summary, '')), 'B') || ' ' || setweight(to_tsvector('english', coalesce(releases.meta, '') || ' ' || coalesce(releases.description, '')), 'C')),
 plainto_tsquery(E'authors')) as rank FROM "releases" WHERE ((latest = true) AND (setweight(to_tsvector('english', coalesce(releases.name, '')), 'A') || ' ' || setweight(to_tsvector('english', coalesce(releases.summary, '')), 'B') || ' ' || setweight(to_tsvector('english', coalesce(releases.meta, '') || ' ' || coalesce(releases.description, '')), 'C') @@ plainto_tsquery(E'authors'))) ORDER BY rank DESC[0m
Rendering template within layouts/results
Rendering results/search
  [4;35;1mSQL (1.2ms)[0m   [0mSELECT count(*) AS count_all FROM "ruby_gems" [0m
  [4;36;1mSQL (0.5ms)[0m   [0;1mSELECT count(*) AS count_all FROM "releases" [0m
  [4;35;1mSQL (0.7ms)[0m   [0mSELECT count(*) AS count_all FROM "authors" [0m
Completed in 32ms (View: 19, DB: 8) | 200 OK [http://localhost/search?q=authors]
  [4;36;1mSQL (5.5ms)[0m   [0;1mSET client_min_messages TO 'panic'[0m
  [4;35;1mSQL (0.2ms)[0m   [0mSET client_min_messages TO 'notice'[0m
  [4;36;1mSQL (0.3ms)[0m   [0;1mSET client_encoding TO 'unicode'[0m


Processing ResultsController#search (for 127.0.0.1 at 2009-04-17 21:39:50) [GET]
  Parameters: {"q"=>"recent"}
  [4;35;1mRelease Load (5.4ms)[0m   [0mSELECT releases.*, ts_rank_cd((setweight(to_tsvector('english', coalesce(releases.name, '')), 'A') || ' ' || setweight(to_tsvector('english', coalesce(releases.summary, '')), 'B') || ' ' || setweight(to_tsvector('english', coalesce(releases.meta, '') || ' ' || coalesce(releases.description, '')), 'C')),
 plainto_tsquery(E'recent')) as rank FROM "releases" WHERE ((latest = true) AND (setweight(to_tsvector('english', coalesce(releases.name, '')), 'A') || ' ' || setweight(to_tsvector('english', coalesce(releases.summary, '')), 'B') || ' ' || setweight(to_tsvector('english', coalesce(releases.meta, '') || ' ' || coalesce(releases.description, '')), 'C') @@ plainto_tsquery(E'recent'))) ORDER BY rank DESC[0m
Rendering template within layouts/results
Rendering results/search
  [4;36;1mSQL (2.5ms)[0m   [0;1mSELECT count(*) AS count_all FROM "ruby_gems" [0m
  [4;35;1mSQL (0.7ms)[0m   [0mSELECT count(*) AS count_all FROM "releases" [0m
  [4;36;1mSQL (0.8ms)[0m   [0;1mSELECT count(*) AS count_all FROM "authors" [0m
Completed in 37ms (View: 22, DB: 15) | 200 OK [http://localhost/search?q=recent]
  [4;35;1mSQL (0.3ms)[0m   [0mSET client_min_messages TO 'panic'[0m
  [4;36;1mSQL (0.2ms)[0m   [0;1mSET client_min_messages TO 'notice'[0m
  [4;35;1mSQL (0.3ms)[0m   [0mSET client_encoding TO 'unicode'[0m


Processing ResultsController#search (for 127.0.0.1 at 2009-04-17 21:39:52) [GET]
  Parameters: {"q"=>"feedback"}
  [4;36;1mRelease Load (5.1ms)[0m   [0;1mSELECT releases.*, ts_rank_cd((setweight(to_tsvector('english', coalesce(releases.name, '')), 'A') || ' ' || setweight(to_tsvector('english', coalesce(releases.summary, '')), 'B') || ' ' || setweight(to_tsvector('english', coalesce(releases.meta, '') || ' ' || coalesce(releases.description, '')), 'C')),
 plainto_tsquery(E'feedback')) as rank FROM "releases" WHERE ((latest = true) AND (setweight(to_tsvector('english', coalesce(releases.name, '')), 'A') || ' ' || setweight(to_tsvector('english', coalesce(releases.summary, '')), 'B') || ' ' || setweight(to_tsvector('english', coalesce(releases.meta, '') || ' ' || coalesce(releases.description, '')), 'C') @@ plainto_tsquery(E'feedback'))) ORDER BY rank DESC[0m
Rendering template within layouts/results
Rendering results/search
  [4;35;1mSQL (1.1ms)[0m   [0mSELECT count(*) AS count_all FROM "ruby_gems" [0m
  [4;36;1mSQL (0.5ms)[0m   [0;1mSELECT count(*) AS count_all FROM "releases" [0m
  [4;35;1mSQL (0.7ms)[0m   [0mSELECT count(*) AS count_all FROM "authors" [0m
Completed in 33ms (View: 20, DB: 8) | 200 OK [http://localhost/search?q=feedback]
  [4;36;1mSQL (0.3ms)[0m   [0;1mSET client_min_messages TO 'panic'[0m
  [4;35;1mSQL (0.2ms)[0m   [0mSET client_min_messages TO 'notice'[0m
  [4;36;1mSQL (0.3ms)[0m   [0;1mSET client_encoding TO 'unicode'[0m


Processing ResultsController#search (for 127.0.0.1 at 2009-04-17 21:39:54) [GET]
  Parameters: {"q"=>"faq"}
  [4;35;1mRelease Load (4.9ms)[0m   [0mSELECT releases.*, ts_rank_cd((setweight(to_tsvector('english', coalesce(releases.name, '')), 'A') || ' ' || setweight(to_tsvector('english', coalesce(releases.summary, '')), 'B') || ' ' || setweight(to_tsvector('english', coalesce(releases.meta, '') || ' ' || coalesce(releases.description, '')), 'C')),
 plainto_tsquery(E'faq')) as rank FROM "releases" WHERE ((latest = true) AND (setweight(to_tsvector('english', coalesce(releases.name, '')), 'A') || ' ' || setweight(to_tsvector('english', coalesce(releases.summary, '')), 'B') || ' ' || setweight(to_tsvector('english', coalesce(releases.meta, '') || ' ' || coalesce(releases.description, '')), 'C') @@ plainto_tsquery(E'faq'))) ORDER BY rank DESC[0m
Rendering template within layouts/results
Rendering results/search
  [4;36;1mSQL (0.8ms)[0m   [0;1mSELECT count(*) AS count_all FROM "ruby_gems" [0m
  [4;35;1mSQL (0.5ms)[0m   [0mSELECT count(*) AS count_all FROM "releases" [0m
  [4;36;1mSQL (0.7ms)[0m   [0;1mSELECT count(*) AS count_all FROM "authors" [0m
Completed in 30ms (View: 18, DB: 8) | 200 OK [http://localhost/search?q=faq]
  [4;35;1mSQL (0.3ms)[0m   [0mSET client_min_messages TO 'panic'[0m
  [4;36;1mSQL (0.2ms)[0m   [0;1mSET client_min_messages TO 'notice'[0m
  [4;35;1mSQL (0.3ms)[0m   [0mSET client_encoding TO 'unicode'[0m


Processing ResultsController#search (for 127.0.0.1 at 2009-04-17 21:39:55) [GET]
  Parameters: {"q"=>"mirrors"}
  [4;36;1mRelease Load (4.9ms)[0m   [0;1mSELECT releases.*, ts_rank_cd((setweight(to_tsvector('english', coalesce(releases.name, '')), 'A') || ' ' || setweight(to_tsvector('english', coalesce(releases.summary, '')), 'B') || ' ' || setweight(to_tsvector('english', coalesce(releases.meta, '') || ' ' || coalesce(releases.description, '')), 'C')),
 plainto_tsquery(E'mirrors')) as rank FROM "releases" WHERE ((latest = true) AND (setweight(to_tsvector('english', coalesce(releases.name, '')), 'A') || ' ' || setweight(to_tsvector('english', coalesce(releases.summary, '')), 'B') || ' ' || setweight(to_tsvector('english', coalesce(releases.meta, '') || ' ' || coalesce(releases.description, '')), 'C') @@ plainto_tsquery(E'mirrors'))) ORDER BY rank DESC[0m
Rendering template within layouts/results
Rendering results/search
  [4;35;1mSQL (0.8ms)[0m   [0mSELECT count(*) AS count_all FROM "ruby_gems" [0m
  [4;36;1mSQL (0.6ms)[0m   [0;1mSELECT count(*) AS count_all FROM "releases" [0m
  [4;35;1mSQL (0.8ms)[0m   [0mSELECT count(*) AS count_all FROM "authors" [0m
Completed in 32ms (View: 20, DB: 8) | 200 OK [http://localhost/search?q=mirrors]
  [4;36;1mSQL (0.3ms)[0m   [0;1mSET client_min_messages TO 'panic'[0m
  [4;35;1mSQL (0.2ms)[0m   [0mSET client_min_messages TO 'notice'[0m
  [4;36;1mSQL (0.3ms)[0m   [0;1mSET client_encoding TO 'unicode'[0m


Processing ResultsController#search (for 127.0.0.1 at 2009-04-17 21:39:56) [GET]
  Parameters: {"q"=>"authors"}
  [4;35;1mRelease Load (4.9ms)[0m   [0mSELECT releases.*, ts_rank_cd((setweight(to_tsvector('english', coalesce(releases.name, '')), 'A') || ' ' || setweight(to_tsvector('english', coalesce(releases.summary, '')), 'B') || ' ' || setweight(to_tsvector('english', coalesce(releases.meta, '') || ' ' || coalesce(releases.description, '')), 'C')),
 plainto_tsquery(E'authors')) as rank FROM "releases" WHERE ((latest = true) AND (setweight(to_tsvector('english', coalesce(releases.name, '')), 'A') || ' ' || setweight(to_tsvector('english', coalesce(releases.summary, '')), 'B') || ' ' || setweight(to_tsvector('english', coalesce(releases.meta, '') || ' ' || coalesce(releases.description, '')), 'C') @@ plainto_tsquery(E'authors'))) ORDER BY rank DESC[0m
Rendering template within layouts/results
Rendering results/search
  [4;36;1mSQL (0.8ms)[0m   [0;1mSELECT count(*) AS count_all FROM "ruby_gems" [0m
  [4;35;1mSQL (0.5ms)[0m   [0mSELECT count(*) AS count_all FROM "releases" [0m
  [4;36;1mSQL (0.8ms)[0m   [0;1mSELECT count(*) AS count_all FROM "authors" [0m
Completed in 94ms (View: 82, DB: 8) | 200 OK [http://localhost/search?q=authors]
  [4;35;1mSQL (0.3ms)[0m   [0mSET client_min_messages TO 'panic'[0m
  [4;36;1mSQL (0.2ms)[0m   [0;1mSET client_min_messages TO 'notice'[0m
  [4;35;1mSQL (0.3ms)[0m   [0mSET client_encoding TO 'unicode'[0m


Processing ResultsController#search (for 127.0.0.1 at 2009-04-17 21:43:40) [GET]
  Parameters: {"q"=>"authors"}
  [4;36;1mRelease Load (5.0ms)[0m   [0;1mSELECT releases.*, ts_rank_cd((setweight(to_tsvector('english', coalesce(releases.name, '')), 'A') || ' ' || setweight(to_tsvector('english', coalesce(releases.summary, '')), 'B') || ' ' || setweight(to_tsvector('english', coalesce(releases.meta, '') || ' ' || coalesce(releases.description, '')), 'C')),
 plainto_tsquery(E'authors')) as rank FROM "releases" WHERE ((latest = true) AND (setweight(to_tsvector('english', coalesce(releases.name, '')), 'A') || ' ' || setweight(to_tsvector('english', coalesce(releases.summary, '')), 'B') || ' ' || setweight(to_tsvector('english', coalesce(releases.meta, '') || ' ' || coalesce(releases.description, '')), 'C') @@ plainto_tsquery(E'authors'))) ORDER BY rank DESC[0m
Rendering template within layouts/results
Rendering results/search
  [4;35;1mSQL (0.9ms)[0m   [0mSELECT count(*) AS count_all FROM "ruby_gems" [0m
  [4;36;1mSQL (0.5ms)[0m   [0;1mSELECT count(*) AS count_all FROM "releases" [0m
  [4;35;1mSQL (0.9ms)[0m   [0mSELECT count(*) AS count_all FROM "authors" [0m
Completed in 32ms (View: 19, DB: 8) | 200 OK [http://localhost/search?q=authors]
  [4;36;1mSQL (0.3ms)[0m   [0;1mSET client_min_messages TO 'panic'[0m
  [4;35;1mSQL (0.3ms)[0m   [0mSET client_min_messages TO 'notice'[0m
  [4;36;1mSQL (0.3ms)[0m   [0;1mSET client_encoding TO 'unicode'[0m


Processing ResultsController#search (for 127.0.0.1 at 2009-04-17 21:43:42) [GET]
  Parameters: {"q"=>"recent"}
  [4;35;1mRelease Load (4.9ms)[0m   [0mSELECT releases.*, ts_rank_cd((setweight(to_tsvector('english', coalesce(releases.name, '')), 'A') || ' ' || setweight(to_tsvector('english', coalesce(releases.summary, '')), 'B') || ' ' || setweight(to_tsvector('english', coalesce(releases.meta, '') || ' ' || coalesce(releases.description, '')), 'C')),
 plainto_tsquery(E'recent')) as rank FROM "releases" WHERE ((latest = true) AND (setweight(to_tsvector('english', coalesce(releases.name, '')), 'A') || ' ' || setweight(to_tsvector('english', coalesce(releases.summary, '')), 'B') || ' ' || setweight(to_tsvector('english', coalesce(releases.meta, '') || ' ' || coalesce(releases.description, '')), 'C') @@ plainto_tsquery(E'recent'))) ORDER BY rank DESC[0m
Rendering template within layouts/results
Rendering results/search
  [4;36;1mSQL (0.8ms)[0m   [0;1mSELECT count(*) AS count_all FROM "ruby_gems" [0m
  [4;35;1mSQL (0.5ms)[0m   [0mSELECT count(*) AS count_all FROM "releases" [0m
  [4;36;1mSQL (0.7ms)[0m   [0;1mSELECT count(*) AS count_all FROM "authors" [0m
Completed in 31ms (View: 19, DB: 8) | 200 OK [http://localhost/search?q=recent]
  [4;35;1mSQL (0.3ms)[0m   [0mSET client_min_messages TO 'panic'[0m
  [4;36;1mSQL (0.2ms)[0m   [0;1mSET client_min_messages TO 'notice'[0m
  [4;35;1mSQL (0.3ms)[0m   [0mSET client_encoding TO 'unicode'[0m


Processing ResultsController#search (for 127.0.0.1 at 2009-04-17 21:43:43) [GET]
  Parameters: {"q"=>"authors"}
  [4;36;1mRelease Load (5.3ms)[0m   [0;1mSELECT releases.*, ts_rank_cd((setweight(to_tsvector('english', coalesce(releases.name, '')), 'A') || ' ' || setweight(to_tsvector('english', coalesce(releases.summary, '')), 'B') || ' ' || setweight(to_tsvector('english', coalesce(releases.meta, '') || ' ' || coalesce(releases.description, '')), 'C')),
 plainto_tsquery(E'authors')) as rank FROM "releases" WHERE ((latest = true) AND (setweight(to_tsvector('english', coalesce(releases.name, '')), 'A') || ' ' || setweight(to_tsvector('english', coalesce(releases.summary, '')), 'B') || ' ' || setweight(to_tsvector('english', coalesce(releases.meta, '') || ' ' || coalesce(releases.description, '')), 'C') @@ plainto_tsquery(E'authors'))) ORDER BY rank DESC[0m
Rendering template within layouts/results
Rendering results/search
  [4;35;1mSQL (0.9ms)[0m   [0mSELECT count(*) AS count_all FROM "ruby_gems" [0m
  [4;36;1mSQL (0.5ms)[0m   [0;1mSELECT count(*) AS count_all FROM "releases" [0m
  [4;35;1mSQL (0.7ms)[0m   [0mSELECT count(*) AS count_all FROM "authors" [0m
Completed in 32ms (View: 19, DB: 8) | 200 OK [http://localhost/search?q=authors]
  [4;36;1mSQL (0.3ms)[0m   [0;1mSET client_min_messages TO 'panic'[0m
  [4;35;1mSQL (0.2ms)[0m   [0mSET client_min_messages TO 'notice'[0m
  [4;36;1mSQL (0.3ms)[0m   [0;1mSET client_encoding TO 'unicode'[0m


Processing ResultsController#search (for 127.0.0.1 at 2009-04-17 21:43:49) [GET]
  Parameters: {"q"=>"news"}
  [4;35;1mRelease Load (4.9ms)[0m   [0mSELECT releases.*, ts_rank_cd((setweight(to_tsvector('english', coalesce(releases.name, '')), 'A') || ' ' || setweight(to_tsvector('english', coalesce(releases.summary, '')), 'B') || ' ' || setweight(to_tsvector('english', coalesce(releases.meta, '') || ' ' || coalesce(releases.description, '')), 'C')),
 plainto_tsquery(E'news')) as rank FROM "releases" WHERE ((latest = true) AND (setweight(to_tsvector('english', coalesce(releases.name, '')), 'A') || ' ' || setweight(to_tsvector('english', coalesce(releases.summary, '')), 'B') || ' ' || setweight(to_tsvector('english', coalesce(releases.meta, '') || ' ' || coalesce(releases.description, '')), 'C') @@ plainto_tsquery(E'news'))) ORDER BY rank DESC[0m
Rendering template within layouts/results
Rendering results/search
  [4;36;1mSQL (0.9ms)[0m   [0;1mSELECT count(*) AS count_all FROM "ruby_gems" [0m
  [4;35;1mSQL (0.6ms)[0m   [0mSELECT count(*) AS count_all FROM "releases" [0m
  [4;36;1mSQL (0.7ms)[0m   [0;1mSELECT count(*) AS count_all FROM "authors" [0m
Completed in 31ms (View: 19, DB: 8) | 200 OK [http://localhost/search?q=news]
  [4;35;1mSQL (0.3ms)[0m   [0mSET client_min_messages TO 'panic'[0m
  [4;36;1mSQL (0.2ms)[0m   [0;1mSET client_min_messages TO 'notice'[0m
  [4;35;1mSQL (0.3ms)[0m   [0mSET client_encoding TO 'unicode'[0m


Processing ResultsController#search (for 127.0.0.1 at 2009-04-17 21:43:50) [GET]
  Parameters: {"q"=>"mirrors"}
  [4;36;1mRelease Load (5.1ms)[0m   [0;1mSELECT releases.*, ts_rank_cd((setweight(to_tsvector('english', coalesce(releases.name, '')), 'A') || ' ' || setweight(to_tsvector('english', coalesce(releases.summary, '')), 'B') || ' ' || setweight(to_tsvector('english', coalesce(releases.meta, '') || ' ' || coalesce(releases.description, '')), 'C')),
 plainto_tsquery(E'mirrors')) as rank FROM "releases" WHERE ((latest = true) AND (setweight(to_tsvector('english', coalesce(releases.name, '')), 'A') || ' ' || setweight(to_tsvector('english', coalesce(releases.summary, '')), 'B') || ' ' || setweight(to_tsvector('english', coalesce(releases.meta, '') || ' ' || coalesce(releases.description, '')), 'C') @@ plainto_tsquery(E'mirrors'))) ORDER BY rank DESC[0m
Rendering template within layouts/results
Rendering results/search
  [4;35;1mSQL (0.9ms)[0m   [0mSELECT count(*) AS count_all FROM "ruby_gems" [0m
  [4;36;1mSQL (0.5ms)[0m   [0;1mSELECT count(*) AS count_all FROM "releases" [0m
  [4;35;1mSQL (0.7ms)[0m   [0mSELECT count(*) AS count_all FROM "authors" [0m
Completed in 31ms (View: 18, DB: 8) | 200 OK [http://localhost/search?q=mirrors]
  [4;36;1mSQL (0.3ms)[0m   [0;1mSET client_min_messages TO 'panic'[0m
  [4;35;1mSQL (0.2ms)[0m   [0mSET client_min_messages TO 'notice'[0m
  [4;36;1mSQL (0.3ms)[0m   [0;1mSET client_encoding TO 'unicode'[0m


Processing ResultsController#search (for 127.0.0.1 at 2009-04-17 21:43:51) [GET]
  Parameters: {"q"=>"authors"}
  [4;35;1mRelease Load (5.3ms)[0m   [0mSELECT releases.*, ts_rank_cd((setweight(to_tsvector('english', coalesce(releases.name, '')), 'A') || ' ' || setweight(to_tsvector('english', coalesce(releases.summary, '')), 'B') || ' ' || setweight(to_tsvector('english', coalesce(releases.meta, '') || ' ' || coalesce(releases.description, '')), 'C')),
 plainto_tsquery(E'authors')) as rank FROM "releases" WHERE ((latest = true) AND (setweight(to_tsvector('english', coalesce(releases.name, '')), 'A') || ' ' || setweight(to_tsvector('english', coalesce(releases.summary, '')), 'B') || ' ' || setweight(to_tsvector('english', coalesce(releases.meta, '') || ' ' || coalesce(releases.description, '')), 'C') @@ plainto_tsquery(E'authors'))) ORDER BY rank DESC[0m
Rendering template within layouts/results
Rendering results/search
  [4;36;1mSQL (0.9ms)[0m   [0;1mSELECT count(*) AS count_all FROM "ruby_gems" [0m
  [4;35;1mSQL (0.5ms)[0m   [0mSELECT count(*) AS count_all FROM "releases" [0m
  [4;36;1mSQL (0.7ms)[0m   [0;1mSELECT count(*) AS count_all FROM "authors" [0m
Completed in 97ms (View: 84, DB: 8) | 200 OK [http://localhost/search?q=authors]
  [4;35;1mSQL (0.3ms)[0m   [0mSET client_min_messages TO 'panic'[0m
  [4;36;1mSQL (0.4ms)[0m   [0;1mSET client_min_messages TO 'notice'[0m
  [4;35;1mSQL (0.3ms)[0m   [0mSET client_encoding TO 'unicode'[0m


Processing ResultsController#search (for 127.0.0.1 at 2009-04-17 21:44:21) [GET]
  Parameters: {"q"=>"authors"}
  [4;36;1mRelease Load (5.0ms)[0m   [0;1mSELECT releases.*, ts_rank_cd((setweight(to_tsvector('english', coalesce(releases.name, '')), 'A') || ' ' || setweight(to_tsvector('english', coalesce(releases.summary, '')), 'B') || ' ' || setweight(to_tsvector('english', coalesce(releases.meta, '') || ' ' || coalesce(releases.description, '')), 'C')),
 plainto_tsquery(E'authors')) as rank FROM "releases" WHERE ((latest = true) AND (setweight(to_tsvector('english', coalesce(releases.name, '')), 'A') || ' ' || setweight(to_tsvector('english', coalesce(releases.summary, '')), 'B') || ' ' || setweight(to_tsvector('english', coalesce(releases.meta, '') || ' ' || coalesce(releases.description, '')), 'C') @@ plainto_tsquery(E'authors'))) ORDER BY rank DESC[0m
Rendering template within layouts/results
Rendering results/search
  [4;35;1mSQL (0.9ms)[0m   [0mSELECT count(*) AS count_all FROM "ruby_gems" [0m
  [4;36;1mSQL (0.5ms)[0m   [0;1mSELECT count(*) AS count_all FROM "releases" [0m
  [4;35;1mSQL (1.0ms)[0m   [0mSELECT count(*) AS count_all FROM "authors" [0m
Completed in 32ms (View: 19, DB: 8) | 200 OK [http://localhost/search?q=authors]
  [4;36;1mSQL (0.3ms)[0m   [0;1mSET client_min_messages TO 'panic'[0m
  [4;35;1mSQL (0.2ms)[0m   [0mSET client_min_messages TO 'notice'[0m
  [4;36;1mSQL (0.3ms)[0m   [0;1mSET client_encoding TO 'unicode'[0m


Processing ResultsController#search (for 127.0.0.1 at 2009-04-17 21:44:23) [GET]
  Parameters: {"q"=>"authors"}
  [4;35;1mRelease Load (5.0ms)[0m   [0mSELECT releases.*, ts_rank_cd((setweight(to_tsvector('english', coalesce(releases.name, '')), 'A') || ' ' || setweight(to_tsvector('english', coalesce(releases.summary, '')), 'B') || ' ' || setweight(to_tsvector('english', coalesce(releases.meta, '') || ' ' || coalesce(releases.description, '')), 'C')),
 plainto_tsquery(E'authors')) as rank FROM "releases" WHERE ((latest = true) AND (setweight(to_tsvector('english', coalesce(releases.name, '')), 'A') || ' ' || setweight(to_tsvector('english', coalesce(releases.summary, '')), 'B') || ' ' || setweight(to_tsvector('english', coalesce(releases.meta, '') || ' ' || coalesce(releases.description, '')), 'C') @@ plainto_tsquery(E'authors'))) ORDER BY rank DESC[0m
Rendering template within layouts/results
Rendering results/search
  [4;36;1mSQL (0.8ms)[0m   [0;1mSELECT count(*) AS count_all FROM "ruby_gems" [0m
  [4;35;1mSQL (0.5ms)[0m   [0mSELECT count(*) AS count_all FROM "releases" [0m
  [4;36;1mSQL (0.8ms)[0m   [0;1mSELECT count(*) AS count_all FROM "authors" [0m
Completed in 31ms (View: 19, DB: 8) | 200 OK [http://localhost/search?q=authors]
  [4;35;1mSQL (0.3ms)[0m   [0mSET client_min_messages TO 'panic'[0m
  [4;36;1mSQL (0.3ms)[0m   [0;1mSET client_min_messages TO 'notice'[0m
  [4;35;1mSQL (0.3ms)[0m   [0mSET client_encoding TO 'unicode'[0m


Processing ResultsController#search (for 127.0.0.1 at 2009-04-17 21:44:24) [GET]
  Parameters: {"q"=>"recent"}
  [4;36;1mRelease Load (5.0ms)[0m   [0;1mSELECT releases.*, ts_rank_cd((setweight(to_tsvector('english', coalesce(releases.name, '')), 'A') || ' ' || setweight(to_tsvector('english', coalesce(releases.summary, '')), 'B') || ' ' || setweight(to_tsvector('english', coalesce(releases.meta, '') || ' ' || coalesce(releases.description, '')), 'C')),
 plainto_tsquery(E'recent')) as rank FROM "releases" WHERE ((latest = true) AND (setweight(to_tsvector('english', coalesce(releases.name, '')), 'A') || ' ' || setweight(to_tsvector('english', coalesce(releases.summary, '')), 'B') || ' ' || setweight(to_tsvector('english', coalesce(releases.meta, '') || ' ' || coalesce(releases.description, '')), 'C') @@ plainto_tsquery(E'recent'))) ORDER BY rank DESC[0m
Rendering template within layouts/results
Rendering results/search
  [4;35;1mSQL (0.8ms)[0m   [0mSELECT count(*) AS count_all FROM "ruby_gems" [0m
  [4;36;1mSQL (0.5ms)[0m   [0;1mSELECT count(*) AS count_all FROM "releases" [0m
  [4;35;1mSQL (0.8ms)[0m   [0mSELECT count(*) AS count_all FROM "authors" [0m
Completed in 31ms (View: 19, DB: 8) | 200 OK [http://localhost/search?q=recent]
  [4;36;1mSQL (0.3ms)[0m   [0;1mSET client_min_messages TO 'panic'[0m
  [4;35;1mSQL (0.2ms)[0m   [0mSET client_min_messages TO 'notice'[0m
  [4;36;1mSQL (0.3ms)[0m   [0;1mSET client_encoding TO 'unicode'[0m


Processing ResultsController#search (for 127.0.0.1 at 2009-04-17 21:44:26) [GET]
  Parameters: {"q"=>"news"}
  [4;35;1mRelease Load (4.9ms)[0m   [0mSELECT releases.*, ts_rank_cd((setweight(to_tsvector('english', coalesce(releases.name, '')), 'A') || ' ' || setweight(to_tsvector('english', coalesce(releases.summary, '')), 'B') || ' ' || setweight(to_tsvector('english', coalesce(releases.meta, '') || ' ' || coalesce(releases.description, '')), 'C')),
 plainto_tsquery(E'news')) as rank FROM "releases" WHERE ((latest = true) AND (setweight(to_tsvector('english', coalesce(releases.name, '')), 'A') || ' ' || setweight(to_tsvector('english', coalesce(releases.summary, '')), 'B') || ' ' || setweight(to_tsvector('english', coalesce(releases.meta, '') || ' ' || coalesce(releases.description, '')), 'C') @@ plainto_tsquery(E'news'))) ORDER BY rank DESC[0m
Rendering template within layouts/results
Rendering results/search
  [4;36;1mSQL (0.8ms)[0m   [0;1mSELECT count(*) AS count_all FROM "ruby_gems" [0m
  [4;35;1mSQL (0.5ms)[0m   [0mSELECT count(*) AS count_all FROM "releases" [0m
  [4;36;1mSQL (0.7ms)[0m   [0;1mSELECT count(*) AS count_all FROM "authors" [0m
Completed in 32ms (View: 20, DB: 8) | 200 OK [http://localhost/search?q=news]
  [4;35;1mSQL (0.3ms)[0m   [0mSET client_min_messages TO 'panic'[0m
  [4;36;1mSQL (0.2ms)[0m   [0;1mSET client_min_messages TO 'notice'[0m
  [4;35;1mSQL (0.3ms)[0m   [0mSET client_encoding TO 'unicode'[0m


Processing ResultsController#search (for 127.0.0.1 at 2009-04-17 21:44:27) [GET]
  Parameters: {"q"=>"mirrors"}
  [4;36;1mRelease Load (5.3ms)[0m   [0;1mSELECT releases.*, ts_rank_cd((setweight(to_tsvector('english', coalesce(releases.name, '')), 'A') || ' ' || setweight(to_tsvector('english', coalesce(releases.summary, '')), 'B') || ' ' || setweight(to_tsvector('english', coalesce(releases.meta, '') || ' ' || coalesce(releases.description, '')), 'C')),
 plainto_tsquery(E'mirrors')) as rank FROM "releases" WHERE ((latest = true) AND (setweight(to_tsvector('english', coalesce(releases.name, '')), 'A') || ' ' || setweight(to_tsvector('english', coalesce(releases.summary, '')), 'B') || ' ' || setweight(to_tsvector('english', coalesce(releases.meta, '') || ' ' || coalesce(releases.description, '')), 'C') @@ plainto_tsquery(E'mirrors'))) ORDER BY rank DESC[0m
Rendering template within layouts/results
Rendering results/search
  [4;35;1mSQL (0.8ms)[0m   [0mSELECT count(*) AS count_all FROM "ruby_gems" [0m
  [4;36;1mSQL (0.5ms)[0m   [0;1mSELECT count(*) AS count_all FROM "releases" [0m
  [4;35;1mSQL (0.7ms)[0m   [0mSELECT count(*) AS count_all FROM "authors" [0m
Completed in 31ms (View: 19, DB: 8) | 200 OK [http://localhost/search?q=mirrors]
  [4;36;1mSQL (0.3ms)[0m   [0;1mSET client_min_messages TO 'panic'[0m
  [4;35;1mSQL (0.2ms)[0m   [0mSET client_min_messages TO 'notice'[0m
  [4;36;1mSQL (0.3ms)[0m   [0;1mSET client_encoding TO 'unicode'[0m


Processing ResultsController#search (for 127.0.0.1 at 2009-04-17 21:44:27) [GET]
  Parameters: {"q"=>"faq"}
  [4;35;1mRelease Load (5.1ms)[0m   [0mSELECT releases.*, ts_rank_cd((setweight(to_tsvector('english', coalesce(releases.name, '')), 'A') || ' ' || setweight(to_tsvector('english', coalesce(releases.summary, '')), 'B') || ' ' || setweight(to_tsvector('english', coalesce(releases.meta, '') || ' ' || coalesce(releases.description, '')), 'C')),
 plainto_tsquery(E'faq')) as rank FROM "releases" WHERE ((latest = true) AND (setweight(to_tsvector('english', coalesce(releases.name, '')), 'A') || ' ' || setweight(to_tsvector('english', coalesce(releases.summary, '')), 'B') || ' ' || setweight(to_tsvector('english', coalesce(releases.meta, '') || ' ' || coalesce(releases.description, '')), 'C') @@ plainto_tsquery(E'faq'))) ORDER BY rank DESC[0m
Rendering template within layouts/results
Rendering results/search
  [4;36;1mSQL (0.8ms)[0m   [0;1mSELECT count(*) AS count_all FROM "ruby_gems" [0m
  [4;35;1mSQL (0.5ms)[0m   [0mSELECT count(*) AS count_all FROM "releases" [0m
  [4;36;1mSQL (0.7ms)[0m   [0;1mSELECT count(*) AS count_all FROM "authors" [0m
Completed in 31ms (View: 19, DB: 8) | 200 OK [http://localhost/search?q=faq]
  [4;36;1mSQL (0.5ms)[0m   [0;1mSET client_min_messages TO 'panic'[0m
  [4;35;1mSQL (0.2ms)[0m   [0mSET client_min_messages TO 'notice'[0m
  [4;36;1mSQL (0.3ms)[0m   [0;1mSET client_encoding TO 'unicode'[0m


Processing ResultsController#search (for 127.0.0.1 at 2009-04-17 21:45:40) [GET]
  Parameters: {"q"=>"faq"}
  [4;35;1mRelease Load (4.9ms)[0m   [0mSELECT releases.*, ts_rank_cd((setweight(to_tsvector('english', coalesce(releases.name, '')), 'A') || ' ' || setweight(to_tsvector('english', coalesce(releases.summary, '')), 'B') || ' ' || setweight(to_tsvector('english', coalesce(releases.meta, '') || ' ' || coalesce(releases.description, '')), 'C')),
 plainto_tsquery(E'faq')) as rank FROM "releases" WHERE ((latest = true) AND (setweight(to_tsvector('english', coalesce(releases.name, '')), 'A') || ' ' || setweight(to_tsvector('english', coalesce(releases.summary, '')), 'B') || ' ' || setweight(to_tsvector('english', coalesce(releases.meta, '') || ' ' || coalesce(releases.description, '')), 'C') @@ plainto_tsquery(E'faq'))) ORDER BY rank DESC[0m
Rendering template within layouts/results
Rendering results/search
  [4;36;1mSQL (0.9ms)[0m   [0;1mSELECT count(*) AS count_all FROM "ruby_gems" [0m
  [4;35;1mSQL (0.5ms)[0m   [0mSELECT count(*) AS count_all FROM "releases" [0m
  [4;36;1mSQL (0.7ms)[0m   [0;1mSELECT count(*) AS count_all FROM "authors" [0m
Completed in 49ms (View: 34, DB: 8) | 200 OK [http://localhost/search?q=faq]
  [4;35;1mSQL (0.3ms)[0m   [0mSET client_min_messages TO 'panic'[0m
  [4;36;1mSQL (0.2ms)[0m   [0;1mSET client_min_messages TO 'notice'[0m
  [4;35;1mSQL (0.3ms)[0m   [0mSET client_encoding TO 'unicode'[0m


Processing ResultsController#search (for 127.0.0.1 at 2009-04-17 21:45:42) [GET]
  Parameters: {"q"=>"authors"}
  [4;36;1mRelease Load (5.0ms)[0m   [0;1mSELECT releases.*, ts_rank_cd((setweight(to_tsvector('english', coalesce(releases.name, '')), 'A') || ' ' || setweight(to_tsvector('english', coalesce(releases.summary, '')), 'B') || ' ' || setweight(to_tsvector('english', coalesce(releases.meta, '') || ' ' || coalesce(releases.description, '')), 'C')),
 plainto_tsquery(E'authors')) as rank FROM "releases" WHERE ((latest = true) AND (setweight(to_tsvector('english', coalesce(releases.name, '')), 'A') || ' ' || setweight(to_tsvector('english', coalesce(releases.summary, '')), 'B') || ' ' || setweight(to_tsvector('english', coalesce(releases.meta, '') || ' ' || coalesce(releases.description, '')), 'C') @@ plainto_tsquery(E'authors'))) ORDER BY rank DESC[0m
Rendering template within layouts/results
Rendering results/search
  [4;35;1mSQL (0.8ms)[0m   [0mSELECT count(*) AS count_all FROM "ruby_gems" [0m
  [4;36;1mSQL (0.5ms)[0m   [0;1mSELECT count(*) AS count_all FROM "releases" [0m
  [4;35;1mSQL (0.7ms)[0m   [0mSELECT count(*) AS count_all FROM "authors" [0m
Completed in 31ms (View: 18, DB: 8) | 200 OK [http://localhost/search?q=authors]
  [4;36;1mSQL (0.3ms)[0m   [0;1mSET client_min_messages TO 'panic'[0m
  [4;35;1mSQL (0.3ms)[0m   [0mSET client_min_messages TO 'notice'[0m
  [4;36;1mSQL (0.3ms)[0m   [0;1mSET client_encoding TO 'unicode'[0m


Processing ResultsController#search (for 127.0.0.1 at 2009-04-17 21:45:55) [GET]
  Parameters: {"q"=>"authors"}
  [4;35;1mRelease Load (5.0ms)[0m   [0mSELECT releases.*, ts_rank_cd((setweight(to_tsvector('english', coalesce(releases.name, '')), 'A') || ' ' || setweight(to_tsvector('english', coalesce(releases.summary, '')), 'B') || ' ' || setweight(to_tsvector('english', coalesce(releases.meta, '') || ' ' || coalesce(releases.description, '')), 'C')),
 plainto_tsquery(E'authors')) as rank FROM "releases" WHERE ((latest = true) AND (setweight(to_tsvector('english', coalesce(releases.name, '')), 'A') || ' ' || setweight(to_tsvector('english', coalesce(releases.summary, '')), 'B') || ' ' || setweight(to_tsvector('english', coalesce(releases.meta, '') || ' ' || coalesce(releases.description, '')), 'C') @@ plainto_tsquery(E'authors'))) ORDER BY rank DESC[0m
Rendering template within layouts/results
Rendering results/search
  [4;36;1mSQL (0.8ms)[0m   [0;1mSELECT count(*) AS count_all FROM "ruby_gems" [0m
  [4;35;1mSQL (0.5ms)[0m   [0mSELECT count(*) AS count_all FROM "releases" [0m
  [4;36;1mSQL (0.7ms)[0m   [0;1mSELECT count(*) AS count_all FROM "authors" [0m
Completed in 32ms (View: 20, DB: 8) | 200 OK [http://localhost/search?q=authors]
  [4;35;1mSQL (0.3ms)[0m   [0mSET client_min_messages TO 'panic'[0m
  [4;36;1mSQL (0.2ms)[0m   [0;1mSET client_min_messages TO 'notice'[0m
  [4;35;1mSQL (0.3ms)[0m   [0mSET client_encoding TO 'unicode'[0m


Processing ResultsController#search (for 127.0.0.1 at 2009-04-17 21:46:00) [GET]
  Parameters: {"q"=>"davis"}
  [4;36;1mRelease Load (5.1ms)[0m   [0;1mSELECT releases.*, ts_rank_cd((setweight(to_tsvector('english', coalesce(releases.name, '')), 'A') || ' ' || setweight(to_tsvector('english', coalesce(releases.summary, '')), 'B') || ' ' || setweight(to_tsvector('english', coalesce(releases.meta, '') || ' ' || coalesce(releases.description, '')), 'C')),
 plainto_tsquery(E'davis')) as rank FROM "releases" WHERE ((latest = true) AND (setweight(to_tsvector('english', coalesce(releases.name, '')), 'A') || ' ' || setweight(to_tsvector('english', coalesce(releases.summary, '')), 'B') || ' ' || setweight(to_tsvector('english', coalesce(releases.meta, '') || ' ' || coalesce(releases.description, '')), 'C') @@ plainto_tsquery(E'davis'))) ORDER BY rank DESC[0m
Rendering template within layouts/results
Rendering results/search
  [4;35;1mSQL (0.9ms)[0m   [0mSELECT count(*) AS count_all FROM "ruby_gems" [0m
  [4;36;1mSQL (0.5ms)[0m   [0;1mSELECT count(*) AS count_all FROM "releases" [0m
  [4;35;1mSQL (0.7ms)[0m   [0mSELECT count(*) AS count_all FROM "authors" [0m
Completed in 91ms (View: 78, DB: 8) | 200 OK [http://localhost/search?q=davis]
  [4;36;1mSQL (0.3ms)[0m   [0;1mSET client_min_messages TO 'panic'[0m
  [4;35;1mSQL (0.5ms)[0m   [0mSET client_min_messages TO 'notice'[0m
  [4;36;1mSQL (0.3ms)[0m   [0;1mSET client_encoding TO 'unicode'[0m


Processing ResultsController#search (for 127.0.0.1 at 2009-04-17 21:46:05) [GET]
  Parameters: {"q"=>""}
  [4;35;1mRelease Load (4.8ms)[0m   [0mSELECT releases.*, ts_rank_cd((setweight(to_tsvector('english', coalesce(releases.name, '')), 'A') || ' ' || setweight(to_tsvector('english', coalesce(releases.summary, '')), 'B') || ' ' || setweight(to_tsvector('english', coalesce(releases.meta, '') || ' ' || coalesce(releases.description, '')), 'C')),
 plainto_tsquery(E'')) as rank FROM "releases" WHERE ((latest = true) AND (setweight(to_tsvector('english', coalesce(releases.name, '')), 'A') || ' ' || setweight(to_tsvector('english', coalesce(releases.summary, '')), 'B') || ' ' || setweight(to_tsvector('english', coalesce(releases.meta, '') || ' ' || coalesce(releases.description, '')), 'C') @@ plainto_tsquery(E''))) ORDER BY rank DESC[0m
Rendering template within layouts/results
Rendering results/search
  [4;36;1mSQL (0.8ms)[0m   [0;1mSELECT count(*) AS count_all FROM "ruby_gems" [0m
  [4;35;1mSQL (0.6ms)[0m   [0mSELECT count(*) AS count_all FROM "releases" [0m
  [4;36;1mSQL (0.7ms)[0m   [0;1mSELECT count(*) AS count_all FROM "authors" [0m
Completed in 32ms (View: 20, DB: 8) | 200 OK [http://localhost/search?q=]
  [4;35;1mSQL (0.3ms)[0m   [0mSET client_min_messages TO 'panic'[0m
  [4;36;1mSQL (0.2ms)[0m   [0;1mSET client_min_messages TO 'notice'[0m
  [4;35;1mSQL (0.3ms)[0m   [0mSET client_encoding TO 'unicode'[0m


Processing ResultsController#search (for 127.0.0.1 at 2009-04-17 21:46:43) [GET]
  Parameters: {"q"=>"Ryan Davis"}
  [4;36;1mRelease Load (5.0ms)[0m   [0;1mSELECT releases.*, ts_rank_cd((setweight(to_tsvector('english', coalesce(releases.name, '')), 'A') || ' ' || setweight(to_tsvector('english', coalesce(releases.summary, '')), 'B') || ' ' || setweight(to_tsvector('english', coalesce(releases.meta, '') || ' ' || coalesce(releases.description, '')), 'C')),
 plainto_tsquery(E'Ryan Davis')) as rank FROM "releases" WHERE ((latest = true) AND (setweight(to_tsvector('english', coalesce(releases.name, '')), 'A') || ' ' || setweight(to_tsvector('english', coalesce(releases.summary, '')), 'B') || ' ' || setweight(to_tsvector('english', coalesce(releases.meta, '') || ' ' || coalesce(releases.description, '')), 'C') @@ plainto_tsquery(E'Ryan Davis'))) ORDER BY rank DESC[0m
Rendering template within layouts/results
Rendering results/search
  [4;35;1mSQL (0.9ms)[0m   [0mSELECT count(*) AS count_all FROM "ruby_gems" [0m
  [4;36;1mSQL (0.5ms)[0m   [0;1mSELECT count(*) AS count_all FROM "releases" [0m
  [4;35;1mSQL (0.7ms)[0m   [0mSELECT count(*) AS count_all FROM "authors" [0m
Completed in 31ms (View: 19, DB: 8) | 200 OK [http://localhost/search?q=Ryan+Davis]
  [4;36;1mSQL (0.3ms)[0m   [0;1mSET client_min_messages TO 'panic'[0m
  [4;35;1mSQL (0.2ms)[0m   [0mSET client_min_messages TO 'notice'[0m
  [4;36;1mSQL (0.3ms)[0m   [0;1mSET client_encoding TO 'unicode'[0m


Processing ResultsController#authors (for 127.0.0.1 at 2009-04-17 21:46:52) [GET]

ActionController::UnknownAction (No action responded to authors. Actions: index and search):
  

Rendering rescues/layout (not_found)
  [4;35;1mSQL (0.3ms)[0m   [0mSET client_min_messages TO 'panic'[0m
  [4;36;1mSQL (0.2ms)[0m   [0;1mSET client_min_messages TO 'notice'[0m
  [4;35;1mSQL (0.3ms)[0m   [0mSET client_encoding TO 'unicode'[0m


Processing ResultsController#authors (for 127.0.0.1 at 2009-04-17 21:46:55) [GET]

ActionController::UnknownAction (No action responded to authors. Actions: index and search):
  

Rendering rescues/layout (not_found)
  [4;36;1mSQL (0.3ms)[0m   [0;1mSET client_min_messages TO 'panic'[0m
  [4;35;1mSQL (0.2ms)[0m   [0mSET client_min_messages TO 'notice'[0m
  [4;36;1mSQL (0.3ms)[0m   [0;1mSET client_encoding TO 'unicode'[0m


Processing ResultsController#index (for 127.0.0.1 at 2009-04-17 21:46:59) [GET]
Rendering template within layouts/results
Rendering results/index
  [4;35;1mSQL (0.9ms)[0m   [0mSELECT count(*) AS count_all FROM "ruby_gems" [0m
  [4;36;1mSQL (0.9ms)[0m   [0;1mSELECT count(*) AS count_all FROM "releases" [0m
  [4;35;1mSQL (0.9ms)[0m   [0mSELECT count(*) AS count_all FROM "authors" [0m
Completed in 30ms (View: 26, DB: 3) | 200 OK [http://localhost/]
  [4;36;1mSQL (0.3ms)[0m   [0;1mSET client_min_messages TO 'panic'[0m
  [4;35;1mSQL (0.2ms)[0m   [0mSET client_min_messages TO 'notice'[0m
  [4;36;1mSQL (0.3ms)[0m   [0;1mSET client_encoding TO 'unicode'[0m


Processing ResultsController#search (for 127.0.0.1 at 2009-04-17 21:53:26) [GET]
  Parameters: {"q"=>"authors"}
  [4;35;1mRelease Load (4.9ms)[0m   [0mSELECT releases.*, ts_rank_cd((setweight(to_tsvector('english', coalesce(releases.name, '')), 'A') || ' ' || setweight(to_tsvector('english', coalesce(releases.summary, '')), 'B') || ' ' || setweight(to_tsvector('english', coalesce(releases.meta, '') || ' ' || coalesce(releases.description, '')), 'C')),
 plainto_tsquery(E'authors')) as rank FROM "releases" WHERE ((latest = true) AND (setweight(to_tsvector('english', coalesce(releases.name, '')), 'A') || ' ' || setweight(to_tsvector('english', coalesce(releases.summary, '')), 'B') || ' ' || setweight(to_tsvector('english', coalesce(releases.meta, '') || ' ' || coalesce(releases.description, '')), 'C') @@ plainto_tsquery(E'authors'))) ORDER BY rank DESC[0m
Rendering template within layouts/results
Rendering results/search
  [4;36;1mSQL (0.9ms)[0m   [0;1mSELECT count(*) AS count_all FROM "ruby_gems" [0m
  [4;35;1mSQL (0.5ms)[0m   [0mSELECT count(*) AS count_all FROM "releases" [0m
  [4;36;1mSQL (0.7ms)[0m   [0;1mSELECT count(*) AS count_all FROM "authors" [0m
Completed in 94ms (View: 81, DB: 8) | 200 OK [http://localhost/search?q=authors]
  [4;35;1mSQL (0.3ms)[0m   [0mSET client_min_messages TO 'panic'[0m
  [4;36;1mSQL (0.2ms)[0m   [0;1mSET client_min_messages TO 'notice'[0m
  [4;35;1mSQL (0.3ms)[0m   [0mSET client_encoding TO 'unicode'[0m


Processing ResultsController#search (for 127.0.0.1 at 2009-04-17 21:56:37) [GET]
  Parameters: {"q"=>"authors"}
  [4;36;1mRelease Load (7.7ms)[0m   [0;1mSELECT releases.*, ts_rank_cd((setweight(to_tsvector('english', coalesce(releases.name, '')), 'A') || ' ' || setweight(to_tsvector('english', coalesce(releases.summary, '')), 'B') || ' ' || setweight(to_tsvector('english', coalesce(releases.meta, '') || ' ' || coalesce(releases.description, '')), 'C')),
 plainto_tsquery(E'authors')) as rank FROM "releases" WHERE ((latest = true) AND (setweight(to_tsvector('english', coalesce(releases.name, '')), 'A') || ' ' || setweight(to_tsvector('english', coalesce(releases.summary, '')), 'B') || ' ' || setweight(to_tsvector('english', coalesce(releases.meta, '') || ' ' || coalesce(releases.description, '')), 'C') @@ plainto_tsquery(E'authors'))) ORDER BY rank DESC[0m
  [4;35;1mRubyGem Load (1.4ms)[0m   [0mSELECT * FROM "ruby_gems" WHERE ("ruby_gems"."id" = 1) [0m
  [4;36;1mAuthor Load (1.6ms)[0m   [0;1mSELECT "authors".*, t0.ruby_gem_id as the_parent_record_id FROM "authors" INNER JOIN "authors_ruby_gems" t0 ON "authors".id = t0.author_id WHERE (t0.ruby_gem_id = 1) [0m
Rendering template within layouts/results
Rendering results/search
  [4;35;1mSQL (0.7ms)[0m   [0mSELECT count(*) AS count_all FROM "ruby_gems" [0m
  [4;36;1mSQL (0.5ms)[0m   [0;1mSELECT count(*) AS count_all FROM "releases" [0m
  [4;35;1mSQL (0.5ms)[0m   [0mSELECT count(*) AS count_all FROM "authors" [0m
Completed in 84ms (View: 3, DB: 13) | 200 OK [http://localhost/search?q=authors]
  [4;36;1mSQL (0.3ms)[0m   [0;1mSET client_min_messages TO 'panic'[0m
  [4;35;1mSQL (0.2ms)[0m   [0mSET client_min_messages TO 'notice'[0m
  [4;36;1mSQL (0.3ms)[0m   [0;1mSET client_encoding TO 'unicode'[0m


Processing ResultsController#search (for 127.0.0.1 at 2009-04-17 21:58:50) [GET]
  Parameters: {"q"=>"authors"}
  [4;35;1mRelease Load (6.9ms)[0m   [0mSELECT releases.*, ts_rank_cd((setweight(to_tsvector('english', coalesce(releases.name, '')), 'A') || ' ' || setweight(to_tsvector('english', coalesce(releases.summary, '')), 'B') || ' ' || setweight(to_tsvector('english', coalesce(releases.meta, '') || ' ' || coalesce(releases.description, '')), 'C')),
 plainto_tsquery(E'authors')) as rank FROM "releases" WHERE ((latest = true) AND (setweight(to_tsvector('english', coalesce(releases.name, '')), 'A') || ' ' || setweight(to_tsvector('english', coalesce(releases.summary, '')), 'B') || ' ' || setweight(to_tsvector('english', coalesce(releases.meta, '') || ' ' || coalesce(releases.description, '')), 'C') @@ plainto_tsquery(E'authors'))) ORDER BY rank DESC[0m
  [4;36;1mRubyGem Load (1.1ms)[0m   [0;1mSELECT * FROM "ruby_gems" WHERE ("ruby_gems"."id" = 1) [0m
  [4;35;1mAuthor Load (1.6ms)[0m   [0mSELECT "authors".*, t0.ruby_gem_id as the_parent_record_id FROM "authors" INNER JOIN "authors_ruby_gems" t0 ON "authors".id = t0.author_id WHERE (t0.ruby_gem_id = 1) [0m
Rendering template within layouts/results
Rendering results/search
  [4;36;1mSQL (0.7ms)[0m   [0;1mSELECT count(*) AS count_all FROM "ruby_gems" [0m
  [4;35;1mSQL (0.5ms)[0m   [0mSELECT count(*) AS count_all FROM "releases" [0m
  [4;36;1mSQL (0.5ms)[0m   [0;1mSELECT count(*) AS count_all FROM "authors" [0m
Completed in 42ms (View: 5, DB: 12) | 200 OK [http://localhost/search?q=authors]
  [4;35;1mSQL (0.3ms)[0m   [0mSET client_min_messages TO 'panic'[0m
  [4;36;1mSQL (0.2ms)[0m   [0;1mSET client_min_messages TO 'notice'[0m
  [4;35;1mSQL (0.3ms)[0m   [0mSET client_encoding TO 'unicode'[0m


Processing ResultsController#search (for 127.0.0.1 at 2009-04-17 22:13:23) [GET]
  Parameters: {"q"=>"authors"}
  [4;36;1mRelease Load (7.0ms)[0m   [0;1mSELECT releases.*, ts_rank_cd((setweight(to_tsvector('english', coalesce(releases.name, '')), 'A') || ' ' || setweight(to_tsvector('english', coalesce(releases.summary, '')), 'B') || ' ' || setweight(to_tsvector('english', coalesce(releases.meta, '') || ' ' || coalesce(releases.description, '')), 'C')),
 plainto_tsquery(E'authors')) as rank FROM "releases" WHERE ((latest = true) AND (setweight(to_tsvector('english', coalesce(releases.name, '')), 'A') || ' ' || setweight(to_tsvector('english', coalesce(releases.summary, '')), 'B') || ' ' || setweight(to_tsvector('english', coalesce(releases.meta, '') || ' ' || coalesce(releases.description, '')), 'C') @@ plainto_tsquery(E'authors'))) ORDER BY rank DESC[0m
  [4;35;1mRubyGem Load (1.0ms)[0m   [0mSELECT * FROM "ruby_gems" WHERE ("ruby_gems"."id" = 1) [0m
  [4;36;1mAuthor Load (1.5ms)[0m   [0;1mSELECT "authors".*, t0.ruby_gem_id as the_parent_record_id FROM "authors" INNER JOIN "authors_ruby_gems" t0 ON "authors".id = t0.author_id WHERE (t0.ruby_gem_id = 1) [0m
Rendering template within layouts/results
Rendering results/search
  [4;35;1mSQL (0.7ms)[0m   [0mSELECT count(*) AS count_all FROM "ruby_gems" [0m
  [4;36;1mSQL (0.5ms)[0m   [0;1mSELECT count(*) AS count_all FROM "releases" [0m
  [4;35;1mSQL (0.5ms)[0m   [0mSELECT count(*) AS count_all FROM "authors" [0m
Completed in 41ms (View: 7, DB: 12) | 200 OK [http://localhost/search?q=authors]
  [4;36;1mSQL (0.3ms)[0m   [0;1mSET client_min_messages TO 'panic'[0m
  [4;35;1mSQL (0.2ms)[0m   [0mSET client_min_messages TO 'notice'[0m
  [4;36;1mSQL (0.3ms)[0m   [0;1mSET client_encoding TO 'unicode'[0m


Processing ResultsController#search (for 127.0.0.1 at 2009-04-17 22:14:23) [GET]
  Parameters: {"q"=>"authors"}
  [4;35;1mRelease Load (6.9ms)[0m   [0mSELECT releases.*, ts_rank_cd((setweight(to_tsvector('english', coalesce(releases.name, '')), 'A') || ' ' || setweight(to_tsvector('english', coalesce(releases.summary, '')), 'B') || ' ' || setweight(to_tsvector('english', coalesce(releases.meta, '') || ' ' || coalesce(releases.description, '')), 'C')),
 plainto_tsquery(E'authors')) as rank FROM "releases" WHERE ((latest = true) AND (setweight(to_tsvector('english', coalesce(releases.name, '')), 'A') || ' ' || setweight(to_tsvector('english', coalesce(releases.summary, '')), 'B') || ' ' || setweight(to_tsvector('english', coalesce(releases.meta, '') || ' ' || coalesce(releases.description, '')), 'C') @@ plainto_tsquery(E'authors'))) ORDER BY rank DESC[0m
  [4;36;1mRubyGem Load (0.9ms)[0m   [0;1mSELECT * FROM "ruby_gems" WHERE ("ruby_gems"."id" = 1) [0m
  [4;35;1mAuthor Load (1.5ms)[0m   [0mSELECT "authors".*, t0.ruby_gem_id as the_parent_record_id FROM "authors" INNER JOIN "authors_ruby_gems" t0 ON "authors".id = t0.author_id WHERE (t0.ruby_gem_id = 1) [0m
Rendering template within layouts/results
Rendering results/search
  [4;36;1mSQL (0.7ms)[0m   [0;1mSELECT count(*) AS count_all FROM "ruby_gems" [0m
  [4;35;1mSQL (0.5ms)[0m   [0mSELECT count(*) AS count_all FROM "releases" [0m
  [4;36;1mSQL (0.4ms)[0m   [0;1mSELECT count(*) AS count_all FROM "authors" [0m
Completed in 41ms (View: 7, DB: 12) | 200 OK [http://localhost/search?q=authors]
  [4;35;1mSQL (0.3ms)[0m   [0mSET client_min_messages TO 'panic'[0m
  [4;36;1mSQL (0.2ms)[0m   [0;1mSET client_min_messages TO 'notice'[0m
  [4;35;1mSQL (0.3ms)[0m   [0mSET client_encoding TO 'unicode'[0m


Processing ResultsController#search (for 127.0.0.1 at 2009-04-17 22:15:10) [GET]
  Parameters: {"q"=>"authors"}
  [4;36;1mRelease Load (7.3ms)[0m   [0;1mSELECT releases.*, ts_rank_cd((setweight(to_tsvector('english', coalesce(releases.name, '')), 'A') || ' ' || setweight(to_tsvector('english', coalesce(releases.summary, '')), 'B') || ' ' || setweight(to_tsvector('english', coalesce(releases.meta, '') || ' ' || coalesce(releases.description, '')), 'C')),
 plainto_tsquery(E'authors')) as rank FROM "releases" WHERE ((latest = true) AND (setweight(to_tsvector('english', coalesce(releases.name, '')), 'A') || ' ' || setweight(to_tsvector('english', coalesce(releases.summary, '')), 'B') || ' ' || setweight(to_tsvector('english', coalesce(releases.meta, '') || ' ' || coalesce(releases.description, '')), 'C') @@ plainto_tsquery(E'authors'))) ORDER BY rank DESC[0m
  [4;35;1mRubyGem Load (1.1ms)[0m   [0mSELECT * FROM "ruby_gems" WHERE ("ruby_gems"."id" = 1) [0m
  [4;36;1mAuthor Load (1.6ms)[0m   [0;1mSELECT "authors".*, t0.ruby_gem_id as the_parent_record_id FROM "authors" INNER JOIN "authors_ruby_gems" t0 ON "authors".id = t0.author_id WHERE (t0.ruby_gem_id = 1) [0m
Rendering template within layouts/results
Rendering results/search
  [4;35;1mSQL (0.7ms)[0m   [0mSELECT count(*) AS count_all FROM "ruby_gems" [0m
  [4;36;1mSQL (0.5ms)[0m   [0;1mSELECT count(*) AS count_all FROM "releases" [0m
  [4;35;1mSQL (0.5ms)[0m   [0mSELECT count(*) AS count_all FROM "authors" [0m
Completed in 99ms (View: 4, DB: 12) | 200 OK [http://localhost/search?q=authors]
  [4;36;1mSQL (0.3ms)[0m   [0;1mSET client_min_messages TO 'panic'[0m
  [4;35;1mSQL (0.2ms)[0m   [0mSET client_min_messages TO 'notice'[0m
  [4;36;1mSQL (0.3ms)[0m   [0;1mSET client_encoding TO 'unicode'[0m


Processing ResultsController#search (for 127.0.0.1 at 2009-04-17 22:15:41) [GET]
  Parameters: {"q"=>"authors"}
  [4;35;1mRelease Load (7.1ms)[0m   [0mSELECT releases.*, ts_rank_cd((setweight(to_tsvector('english', coalesce(releases.name, '')), 'A') || ' ' || setweight(to_tsvector('english', coalesce(releases.summary, '')), 'B') || ' ' || setweight(to_tsvector('english', coalesce(releases.meta, '') || ' ' || coalesce(releases.description, '')), 'C')),
 plainto_tsquery(E'authors')) as rank FROM "releases" WHERE ((latest = true) AND (setweight(to_tsvector('english', coalesce(releases.name, '')), 'A') || ' ' || setweight(to_tsvector('english', coalesce(releases.summary, '')), 'B') || ' ' || setweight(to_tsvector('english', coalesce(releases.meta, '') || ' ' || coalesce(releases.description, '')), 'C') @@ plainto_tsquery(E'authors'))) ORDER BY rank DESC[0m
  [4;36;1mRubyGem Load (1.0ms)[0m   [0;1mSELECT * FROM "ruby_gems" WHERE ("ruby_gems"."id" = 1) [0m
  [4;35;1mAuthor Load (1.5ms)[0m   [0mSELECT "authors".*, t0.ruby_gem_id as the_parent_record_id FROM "authors" INNER JOIN "authors_ruby_gems" t0 ON "authors".id = t0.author_id WHERE (t0.ruby_gem_id = 1) [0m
Rendering template within layouts/results
Rendering results/search
  [4;36;1mSQL (0.7ms)[0m   [0;1mSELECT count(*) AS count_all FROM "ruby_gems" [0m
  [4;35;1mSQL (0.5ms)[0m   [0mSELECT count(*) AS count_all FROM "releases" [0m
  [4;36;1mSQL (0.5ms)[0m   [0;1mSELECT count(*) AS count_all FROM "authors" [0m
Completed in 42ms (View: 7, DB: 12) | 200 OK [http://localhost/search?q=authors]
  [4;36;1mSQL (0.3ms)[0m   [0;1mSET client_min_messages TO 'panic'[0m
  [4;35;1mSQL (0.2ms)[0m   [0mSET client_min_messages TO 'notice'[0m
  [4;36;1mSQL (0.2ms)[0m   [0;1mSET client_encoding TO 'unicode'[0m
  [4;35;1mSQL (0.9ms)[0m   [0mSELECT version FROM schema_migrations[0m
Migrating to CreateAuthors (20090413211039)
Migrating to CreateGems (20090413211340)
Migrating to CreateReleases (20090413211523)
Migrating to AddAuthorHabtm (20090413211906)
Migrating to AddRatings (20090418052030)
  [4;36;1mSQL (0.2ms)[0m   [0;1mBEGIN[0m
  [4;35;1mSQL (0.2ms)[0m   [0mROLLBACK[0m
  [4;36;1mSQL (0.3ms)[0m   [0;1mSET client_min_messages TO 'panic'[0m
  [4;35;1mSQL (0.2ms)[0m   [0mSET client_min_messages TO 'notice'[0m
  [4;36;1mSQL (0.2ms)[0m   [0;1mSET client_encoding TO 'unicode'[0m
  [4;35;1mSQL (0.8ms)[0m   [0mSELECT version FROM schema_migrations[0m
Migrating to CreateAuthors (20090413211039)
Migrating to CreateGems (20090413211340)
Migrating to CreateReleases (20090413211523)
Migrating to AddAuthorHabtm (20090413211906)
Migrating to AddRatings (20090418052030)
  [4;36;1mSQL (0.2ms)[0m   [0;1mBEGIN[0m
  [4;35;1mSQL (18.0ms)[0m   [0mCREATE TABLE "ratings" ("id" serial primary key, "rating" integer, "integer" integer, "rateable_id" integer NOT NULL, "rateable_type" character varying(255) NOT NULL) [0m
  [4;36;1mSQL (2.8ms)[0m   [0;1mCREATE INDEX "index_ratings_on_rateable_id_and_rating" ON "ratings" ("rateable_id", "rating")[0m
  [4;35;1mSQL (0.9ms)[0m   [0mINSERT INTO schema_migrations (version) VALUES ('20090418052030')[0m
  [4;36;1mSQL (1.7ms)[0m   [0;1mCOMMIT[0m
  [4;35;1mSQL (0.6ms)[0m   [0mSELECT version FROM schema_migrations[0m
  [4;35;1mSQL (0.3ms)[0m   [0mSET client_min_messages TO 'panic'[0m
  [4;36;1mSQL (0.2ms)[0m   [0;1mSET client_min_messages TO 'notice'[0m
  [4;35;1mSQL (0.3ms)[0m   [0mSET client_encoding TO 'unicode'[0m


Processing ResultsController#search (for 127.0.0.1 at 2009-04-17 22:24:33) [GET]
  Parameters: {"q"=>"authors"}

NameError (undefined local variable or method `acts_as_rateable' for #<Class:0x25fe2c0>):
  app/models/release.rb:3
  app/controllers/results_controller.rb:9:in `search'

Rendered rescues/_trace (35.6ms)
Rendered rescues/_request_and_response (1.4ms)
Rendering rescues/layout (internal_server_error)
  [4;36;1mSQL (0.3ms)[0m   [0;1mSET client_min_messages TO 'panic'[0m
  [4;35;1mSQL (0.2ms)[0m   [0mSET client_min_messages TO 'notice'[0m
  [4;36;1mSQL (0.3ms)[0m   [0;1mSET client_encoding TO 'unicode'[0m


Processing ResultsController#search (for 127.0.0.1 at 2009-04-17 22:24:50) [GET]
  Parameters: {"q"=>"authors"}

NameError (undefined local variable or method `acts_as_rateable' for #<Class:0x24db8fc>):
  app/models/release.rb:2
  app/controllers/results_controller.rb:9:in `search'

Rendered rescues/_trace (34.9ms)
Rendered rescues/_request_and_response (0.3ms)
Rendering rescues/layout (internal_server_error)
  [4;36;1mSQL (0.3ms)[0m   [0;1mSET client_min_messages TO 'panic'[0m
  [4;35;1mSQL (0.4ms)[0m   [0mSET client_min_messages TO 'notice'[0m
  [4;36;1mSQL (0.3ms)[0m   [0;1mSET client_encoding TO 'unicode'[0m


Processing ResultsController#search (for 127.0.0.1 at 2009-04-17 22:29:02) [GET]
  Parameters: {"q"=>"authors"}
  [4;35;1mRelease Load (7.1ms)[0m   [0mSELECT releases.*, ts_rank_cd((setweight(to_tsvector('english', coalesce(releases.name, '')), 'A') || ' ' || setweight(to_tsvector('english', coalesce(releases.summary, '')), 'B') || ' ' || setweight(to_tsvector('english', coalesce(releases.meta, '') || ' ' || coalesce(releases.description, '')), 'C')),
 plainto_tsquery(E'authors')) as rank FROM "releases" WHERE ((latest = true) AND (setweight(to_tsvector('english', coalesce(releases.name, '')), 'A') || ' ' || setweight(to_tsvector('english', coalesce(releases.summary, '')), 'B') || ' ' || setweight(to_tsvector('english', coalesce(releases.meta, '') || ' ' || coalesce(releases.description, '')), 'C') @@ plainto_tsquery(E'authors'))) ORDER BY rank DESC[0m
  [4;36;1mRubyGem Load (1.3ms)[0m   [0;1mSELECT * FROM "ruby_gems" WHERE ("ruby_gems"."id" = 1) [0m
  [4;35;1mAuthor Load (1.6ms)[0m   [0mSELECT "authors".*, t0.ruby_gem_id as the_parent_record_id FROM "authors" INNER JOIN "authors_ruby_gems" t0 ON "authors".id = t0.author_id WHERE (t0.ruby_gem_id = 1) [0m
Rendering template within layouts/results
Rendering results/search
  [4;36;1mSQL (0.7ms)[0m   [0;1mSELECT count(*) AS count_all FROM "ruby_gems" [0m
  [4;35;1mSQL (0.5ms)[0m   [0mSELECT count(*) AS count_all FROM "releases" [0m
  [4;36;1mSQL (0.5ms)[0m   [0;1mSELECT count(*) AS count_all FROM "authors" [0m
Completed in 69ms (View: 13, DB: 13) | 200 OK [http://localhost/search?q=authors]
  [4;35;1mSQL (0.3ms)[0m   [0mSET client_min_messages TO 'panic'[0m
  [4;36;1mSQL (0.2ms)[0m   [0;1mSET client_min_messages TO 'notice'[0m
  [4;35;1mSQL (0.3ms)[0m   [0mSET client_encoding TO 'unicode'[0m


Processing ResultsController#search (for 127.0.0.1 at 2009-04-17 22:29:07) [GET]
  Parameters: {"q"=>"authors"}
  [4;36;1mRelease Load (6.9ms)[0m   [0;1mSELECT releases.*, ts_rank_cd((setweight(to_tsvector('english', coalesce(releases.name, '')), 'A') || ' ' || setweight(to_tsvector('english', coalesce(releases.summary, '')), 'B') || ' ' || setweight(to_tsvector('english', coalesce(releases.meta, '') || ' ' || coalesce(releases.description, '')), 'C')),
 plainto_tsquery(E'authors')) as rank FROM "releases" WHERE ((latest = true) AND (setweight(to_tsvector('english', coalesce(releases.name, '')), 'A') || ' ' || setweight(to_tsvector('english', coalesce(releases.summary, '')), 'B') || ' ' || setweight(to_tsvector('english', coalesce(releases.meta, '') || ' ' || coalesce(releases.description, '')), 'C') @@ plainto_tsquery(E'authors'))) ORDER BY rank DESC[0m
  [4;35;1mRubyGem Load (1.0ms)[0m   [0mSELECT * FROM "ruby_gems" WHERE ("ruby_gems"."id" = 1) [0m
  [4;36;1mAuthor Load (1.6ms)[0m   [0;1mSELECT "authors".*, t0.ruby_gem_id as the_parent_record_id FROM "authors" INNER JOIN "authors_ruby_gems" t0 ON "authors".id = t0.author_id WHERE (t0.ruby_gem_id = 1) [0m
Rendering template within layouts/results
Rendering results/search
  [4;35;1mSQL (0.7ms)[0m   [0mSELECT count(*) AS count_all FROM "ruby_gems" [0m
  [4;36;1mSQL (0.5ms)[0m   [0;1mSELECT count(*) AS count_all FROM "releases" [0m
  [4;35;1mSQL (0.5ms)[0m   [0mSELECT count(*) AS count_all FROM "authors" [0m
Completed in 40ms (View: 4, DB: 12) | 200 OK [http://localhost/search?q=authors]
